14:18:24.789 INFO [GridLauncherV3.parse] - Selenium server version: 3.141.59, revision: e82be7d358
14:18:24.881 INFO [GridLauncherV3.lambda$buildLaunchers$3] - Launching a standalone Selenium Server on port 4444
2019-08-06 14:18:24.936:INFO::main: Logging initialized @397ms to org.seleniumhq.jetty9.util.log.StdErrLog
14:18:25.207 INFO [WebDriverServlet.<init>] - Initialising WebDriverServlet
14:18:25.282 ERROR [BaseServer.start] - Port 4444 is busy, please choose a free port and specify it using -port option
Exception in thread "main" java.lang.RuntimeException: java.net.BindException: Address already in use: bind
	at org.openqa.selenium.grid.server.BaseServer.start(BaseServer.java:221)
	at org.openqa.selenium.remote.server.SeleniumServer.boot(SeleniumServer.java:131)
	at org.openqa.grid.selenium.GridLauncherV3.lambda$buildLaunchers$3(GridLauncherV3.java:249)
	at org.openqa.grid.selenium.GridLauncherV3.lambda$launch$0(GridLauncherV3.java:86)
	at java.util.Optional.map(Unknown Source)
	at org.openqa.grid.selenium.GridLauncherV3.launch(GridLauncherV3.java:86)
	at org.openqa.grid.selenium.GridLauncherV3.main(GridLauncherV3.java:70)
Caused by: java.net.BindException: Address already in use: bind
	at sun.nio.ch.Net.bind0(Native Method)
	at sun.nio.ch.Net.bind(Unknown Source)
	at sun.nio.ch.Net.bind(Unknown Source)
	at sun.nio.ch.ServerSocketChannelImpl.bind(Unknown Source)
	at sun.nio.ch.ServerSocketAdaptor.bind(Unknown Source)
	at org.seleniumhq.jetty9.server.ServerConnector.openAcceptChannel(ServerConnector.java:339)
	at org.seleniumhq.jetty9.server.ServerConnector.open(ServerConnector.java:307)
	at org.seleniumhq.jetty9.server.AbstractNetworkConnector.doStart(AbstractNetworkConnector.java:80)
	at org.seleniumhq.jetty9.server.ServerConnector.doStart(ServerConnector.java:235)
	at org.seleniumhq.jetty9.util.component.AbstractLifeCycle.start(AbstractLifeCycle.java:68)
	at org.seleniumhq.jetty9.server.Server.doStart(Server.java:395)
	at org.seleniumhq.jetty9.util.component.AbstractLifeCycle.start(AbstractLifeCycle.java:68)
	at org.openqa.selenium.grid.server.BaseServer.start(BaseServer.java:202)
	... 6 more
08353	addons.webextension.screenshots@mozilla.org	WARN	Loading extension 'screenshots@mozilla.org': Reading manifest: Invalid extension permission: about:reader*
1565081308484	addons.webextension.screenshots@mozilla.org	WARN	Loading extension 'screenshots@mozilla.org': Reading manifest: Invalid extension permission: mozillaAddons
1565081308485	addons.webextension.screenshots@mozilla.org	WARN	Loading extension 'screenshots@mozilla.org': Reading manifest: Invalid extension permission: telemetry
1565081308485	addons.webextension.screenshots@mozilla.org	WARN	Loading extension 'screenshots@mozilla.org': Reading manifest: Invalid extension permission: resource://pdf.js/
1565081308485	addons.webextension.screenshots@mozilla.org	WARN	Loading extension 'screenshots@mozilla.org': Reading manifest: Invalid extension permission: about:reader*
[Parent 21872, Gecko_IOThread] WARNING: pipe error: 109: file z:/task_1563383129/build/src/ipc/chromium/src/chrome/common/ipc_channel_win.cc, line 341
[Child 19584, Chrome_ChildThread] WARNING: pipe error: 109: file z:/task_1563383129/build/src/ipc/chromium/src/chrome/common/ipc_channel_win.cc, line 341
[Parent 21872, Gecko_IOThread] WARNING: file z:/task_1563383129/build/src/ipc/chromium/src/base/process_util_win.cc, line 160
[Child 17908, Chrome_ChildThread] WARNING: pipe error: 109: file z:/task_1563383129/build/src/ipc/chromium/src/chrome/common/ipc_channel_win.cc, line 341
[Child 17908, Chrome_ChildThread] WARNING: pipe error: 109: file z:/task1565081330366	Ma1565081330366	Marionette	INrFO	Listening ionoent tpeo	rItN F5O8	7L7i7st
ening on port 58776
14:18:51.562 INFO [ProtocolHandshake.createSession] - Detected dialect: W3C
14:18:51.562 INFO [ProtocolHandshake.createSession] - Detected dialect: W3C
14:18:51.701 INFO [RemoteSession$Factory.lambda$performHandshake$0] - Started new session 6c8c1932-45ac-4d0b-994b-eb5da950eec3 (org.openqa.selenium.firefox.GeckoDriverService)
14:18:51.701 INFO [RemoteSession$Factory.lambda$performHandshake$0] - Started new session 3e4d8378-af59-477b-b23e-67be2febdb8f (org.openqa.selenium.firefox.GeckoDriverService)
1565081336702	Marionette	INFO	Stopped listening on port 58776
[Child 17564, Chrome_ChildThread] WARNING: pipe error: 109: file z:/task_1563383129/build/src/ipc/chromium/src/chrome/common/ipc_channel_win.cc, line 341
[Child 175[Child 18400, Chrome_ChildThread] WARNING: pipe error: 109: file z:/task_1563383129/build/src/ipc/chromium/src/chrome/common/ipc_channel_win.cc, line 341
[Child 18400, Chro[Parent 21872, Gecko_IOThread] WARNING: pipe error: 109: file z:/task_1563383129/build/src/ipc/chromium/src/chrome/common/ipc_channel_win.cc, line 341
[Child 8880, Chrome_ChildThread] WARNING: pipe error: 109: file z:/task_1563383129/build/src/ipc/chromium/src/chrome/common/ipc_channel_win.cc, line 341
[Child 8880[Parent 21872, Gecko_IOThread] WARNING: file z:/task_1563383129/build/src/ipc/chromium/src/base/process_util_win.cc, line 160
[
###!!! [Child][RunMessage] Error: Channel closing: too late to send/recv, messages will be lost

GPU 1384console.error: BroadcastService: 
  receivedBroadcastMessage: handler for
  remote-settings/monitor_changes
  threw error:
  Message: Error: Polling for changes failed: http://%(server)s/dummy/blocklist//buckets/monitor/collections/changes/records?_expected=%221565036234063%22 is not a valid URL..
  Stack:
    remoteSettingsFunction/remoteSettings.pollChanges@resource://services-settings/remote-settings.js:201:13

14:19:00.196 INFO [ActiveSessions$1.onStop] - Removing session 3e4d8378-af59-477b-b23e-67be2febdb8f (org.openqa.selenium.firefox.GeckoDriverService)
14:19:00.235 INFO [ActiveSessionFactory.apply] - Capabilities are: {
  "acceptSslCerts": true,
  "browserName": "firefox",
  "name": "Different Test"
}
14:19:00.235 INFO [ActiveSessionFactory.lambda$apply$11] - Matched factory org.openqa.selenium.grid.session.remote.ServicedSession$Factory (provider: org.openqa.selenium.firefox.GeckoDriverService)
1565081340776	mozrunner::runner	INFO	Running command: "C:\\Program Files\\Mozilla Firefox\\firefox.exe" "-marionette" "-foreground" "-no-remote" "-profile" "C:\\Users\\r1m1nrao\\AppData\\Local\\Temp\\rust_mozprofile.fIuc9YfVkkF7"
1565081342851	addons.webextension.screenshots@mozilla.org	WARN	Loading extension 'screenshots@mozilla.org': Reading manifest: Invalid extension permission: mozillaAddons
1565081342852	addons.webextension.screenshots@mozilla.org	WARN	Loading extension 'screenshots@mozilla.org': Reading manifest: Invalid extension permission: telemetry
1565081342852	addons.webextension.screenshots@mozilla.org	WARN	Loading extension 'screenshots@mozilla.org': Reading manifest: Invalid extension permission: resource://pdf.js/
1565081342852	addons.webextension.screenshots@mozilla.org	WARN	Loading extension 'screenshots@mozilla.org': Reading manifest: Invalid extension permission: about:reader*
1565081345045	Marionette	INFO	Listening on port 58920
14:19:05.139 INFO [ProtocolHandshake.createSession] - Detected dialect: W3C
14:19:05.155 INFO [RemoteSession$Factory.lambda$performHandshake$0] - Started new session ce046c6f-3863-4dd8-8206-b38657819a36 (org.openqa.selenium.firefox.GeckoDriverService)
1565081347719	Marionette	INFO	Stopped listening on port 58920
[Child 16380, Chrome_ChildThread] WARNING: pipe error: 109: file z:/task_1563383129/build/src/ipc/chromium/src/chrome/common/ipc_channel_win.cc, line 341
[Child 16380, Chrome_ChildThread] WARNING: pipe error: 109: file z:/task_1563383129/build/src/ipc/chromium/src/chrome/common/ipc_channel_win.cc, line 341
[Parent 20472, Gecko_IOThread] WARNING: pipe error: 109: file z:/task_1563383129/build/src/ipc/chromium/src/chrome/common/ipc_channel_win.cc, line 341
[Parent 20472, Gecko_IOThread] WARNING: pipe error: 109: file z:/task_1563383129/build/src/ipc/chromium/src/chrome/common/ipc_channel_win.cc, line 341
[Child 6360, Chrome_ChildThread] WARNING: pipe error: 109: file z:/task_1563383129/build/src/ipc/chromium/src/chrome/common/ipc_channel_win.cc, line 341
[Child 6360, Chrome_ChildThread] WARNING: pipe error: 109: file z:/task_1563383129/build/src/ipc/chromium/src/chrome/common/ipc_channel_win.cc, line 341
[GPU 22056, Chro
###!!! [Child][RunMessage] Error: Channel closing: too late to send/recv, messages will be lost

me_C14:19:09.939 INFO [ActiveSessions$1.onStop] - Removing session ce046c6f-3863-4dd8-8206-b38657819a36 (org.openqa.selenium.firefox.GeckoDriverService)
14:19:09.944 INFO [ActiveSessionFactory.apply] - Capabilities are: {
  "acceptSslCerts": true,
  "browserName": "firefox",
  "name": "Different Test"
}
14:19:09.944 INFO [ActiveSessionFactory.lambda$apply$11] - Matched factory org.openqa.selenium.grid.session.remote.ServicedSession$Factory (provider: org.openqa.selenium.firefox.GeckoDriverService)
1565081350471	mozrunner::runner	INFO	Running command: "C:\\Program Files\\Mozilla Firefox\\firefox.exe" "-marionette" "-foreground" "-no-remote" "-profile" "C:\\Users\\r1m1nrao\\AppData\\Local\\Temp\\rust_mozprofile.0o2oR0NVTazY"
1565081351725	addons.webextension.screenshots@mozilla.org	WARN	Loading extension 'screenshots@mozilla.org': Reading manifest: Invalid extension permission: mozillaAddons
1565081351725	addons.webextension.screenshots@mozilla.org	WARN	Loading extension 'screenshots@mozilla.org': Reading manifest: Invalid extension permission: telemetry
1565081351726	addons.webextension.screenshots@mozilla.org	WARN	Loading extension 'screenshots@mozilla.org': Reading manifest: Invalid extension permission: resource://pdf.js/
1565081351726	addons.webextension.screenshots@mozilla.org	WARN	Loading extension 'screenshots@mozilla.org': Reading manifest: Invalid extension permission: about:reader*
1565081353468	Marionette	INFO	Stopped listening on port 58777
[Parent 22400, Gecko_IOThread] WARNING: pipe error: 109: file z:/task_1563383129/build/src/ipc/chromium/src/chrome/common/ipc_channel_win.cc, line 341
1565081353876	Marionette	INFO	Listening on port 58987
14:19:14.329 INFO [ProtocolHandshake.createSession] - Detected dialect: W3C
14:19:14.359 INFO [RemoteSession$Factory.lambda$performHandshake$0] - Started new session 756d8d42-de6f-4f48-a328-26cb65cd2c07 (org.openqa.selenium.firefox.GeckoDriverService)
[Child 20084, Chrome_ChildThread] WARNING: pipe error: 109: file z:/task_1563383129/build/src/ipc/chromium/src/chrome/common/ipc_channel_win.cc, line 341
[Child 20084, Chrome_ChildThread] WARNING: pipe error: 109: file z:/ta
###!!! [Child][MessageChannel::SendAndWait] Error: Channel error: cannot send/recv

14:19:16.895 INFO [ActiveSessions$1.onStop] - Removing session 6c8c1932-45ac-4d0b-994b-eb5da950eec3 (org.openqa.selenium.firefox.GeckoDriverService)
[Child 20448, Chrome_ChildThread] WARNING: pipe error: 109: file z:/task_1563383129/build/src/ipc/chromium/src/chrome/common/ipc_channel_win.cc, line 341
[Child 20448, Chrome_ChildThread] WARNING: pipe error: [Parent 19460, Gecko_IOThread] WARNING: pipe error: 109: file z:/task_1563383129/build/src/ipc/chromium/src/chrome/common/ipc_channel_win.cc, line 341
[Child 19244, Chrome_ChildThread] WARNING: pipe error: 109: file z:/task_1563383129/build/src/ipc/chromium/src/chrome/common/ipc_channel_win.cc, line 341
[Child 19244, Chr1565081364804	Marionette	INFO	Stopped listening on port 58987

###!!! [Child][RunMessage] Error: Channel closing: too late to send/recv, messages will be lost

[GPU 21340, Chrome_ChildThread] WARNING: pipe error: 109: file z:/task_1563383129/bu
###!!! [Child][MessageChannel::SendAndWait] Error: Channel error: cannot send/recv

14:19:28.517 INFO [ActiveSessions$1.onStop] - Removing session 756d8d42-de6f-4f48-a328-26cb65cd2c07 (org.openqa.selenium.firefox.GeckoDriverService)
